d:\code\mcx_custom\mcx\vsproj\mcx\mcx\x64\debug_custom_mex\vc142.pdb
d:\code\mcx_custom\mcx\vsproj\mcx\mcx\x64\debug_custom_mex\vc142.idb
d:\code\mcx_custom\mcx\vsproj\mcx\mcx\x64\debug_custom_mex\tictoc.obj
d:\code\mcx_custom\mcx\vsproj\mcx\mcx\x64\debug_custom_mex\mcx_utils.obj
d:\code\mcx_custom\mcx\vsproj\mcx\mcx\x64\debug_custom_mex\mcx_shapes.obj
d:\code\mcx_custom\mcx\vsproj\mcx\mcx\x64\debug_custom_mex\mcextreme.obj
d:\code\mcx_custom\mcx\vsproj\mcx\mcx\x64\debug_custom_mex\cjson.obj
d:\code\mcx_custom\mcx\vsproj\mcx\mcx\x64\debug_custom_mex\mcxlab.obj
d:\code\mcx_custom\mcx\vsproj\mcx\x64\debug_custom_mex\mcx.mexw64
d:\code\mcx_custom\mcx\vsproj\mcx\x64\debug_custom_mex\mcx.ilk
d:\code\mcx_custom\mcx\vsproj\mcx\x64\debug_custom_mex\mcx.pdb
d:\code\mcx_custom\mcx\vsproj\mcx\x64\debug_custom_mex\mcx.lib
d:\code\mcx_custom\mcx\vsproj\mcx\x64\debug_custom_mex\mcx.exp
d:\code\mcx_custom\mcx\vsproj\mcx\mcx\x64\debug_custom_mex\mcx_core.cu.cache
d:\code\mcx_custom\mcx\vsproj\mcx\mcx\x64\debug_custom_mex\mcx_core.cu.obj
d:\code\mcx_custom\mcx\vsproj\mcx\mcx\x64\debug_custom_mex\mcx.tlog\cl.command.1.tlog
d:\code\mcx_custom\mcx\vsproj\mcx\mcx\x64\debug_custom_mex\mcx.tlog\cl.read.1.tlog
d:\code\mcx_custom\mcx\vsproj\mcx\mcx\x64\debug_custom_mex\mcx.tlog\cl.write.1.tlog
d:\code\mcx_custom\mcx\vsproj\mcx\mcx\x64\debug_custom_mex\mcx.tlog\cudacompile.read.1u.tlog
d:\code\mcx_custom\mcx\vsproj\mcx\mcx\x64\debug_custom_mex\mcx.tlog\cudacompile.write.1u.tlog
d:\code\mcx_custom\mcx\vsproj\mcx\mcx\x64\debug_custom_mex\mcx.tlog\link.command.1.tlog
d:\code\mcx_custom\mcx\vsproj\mcx\mcx\x64\debug_custom_mex\mcx.tlog\link.read.1.tlog
d:\code\mcx_custom\mcx\vsproj\mcx\mcx\x64\debug_custom_mex\mcx.tlog\link.write.1.tlog
d:\code\mcx_custom\mcx\vsproj\mcx\mcx\x64\debug_custom_mex\mcx.tlog\mcx.write.1u.tlog
