d:\amarcos\code\mcx_custom\mcx\vsproj\mcx\mcx\x64\mex_savelaunch\vc141.pdb
d:\amarcos\code\mcx_custom\mcx\vsproj\mcx\mcx\x64\mex_savelaunch\vc141.idb
d:\amarcos\code\mcx_custom\mcx\vsproj\mcx\mcx\x64\mex_savelaunch\tictoc.obj
d:\amarcos\code\mcx_custom\mcx\vsproj\mcx\mcx\x64\mex_savelaunch\mcx_utils.obj
d:\amarcos\code\mcx_custom\mcx\vsproj\mcx\mcx\x64\mex_savelaunch\mcx_shapes.obj
d:\amarcos\code\mcx_custom\mcx\vsproj\mcx\mcx\x64\mex_savelaunch\cjson.obj
d:\amarcos\code\mcx_custom\mcx\vsproj\mcx\mcx\x64\mex_savelaunch\mcxlab.obj
d:\amarcos\code\mcx_custom\mcx\vsproj\mcx\x64\mex_savelaunch\mcx.ilk
d:\amarcos\code\mcx_custom\mcx\vsproj\mcx\x64\mex_savelaunch\mcx.mexw64
d:\amarcos\code\mcx_custom\mcx\vsproj\mcx\x64\mex_savelaunch\mcx.pdb
d:\amarcos\code\mcx_custom\mcx\vsproj\mcx\x64\mex_savelaunch\mcx.lib
d:\amarcos\code\mcx_custom\mcx\vsproj\mcx\x64\mex_savelaunch\mcx.exp
d:\amarcos\code\mcx_custom\mcx\vsproj\mcx\mcx\x64\mex_savelaunch\mcx_core.cu.cache
d:\amarcos\code\mcx_custom\mcx\vsproj\mcx\mcx\x64\mex_savelaunch\mcx_core.cu.obj
d:\amarcos\code\mcx_custom\mcx\vsproj\mcx\mcx\x64\mex_savelaunch\mcx.tlog\cl.command.1.tlog
d:\amarcos\code\mcx_custom\mcx\vsproj\mcx\mcx\x64\mex_savelaunch\mcx.tlog\cl.read.1.tlog
d:\amarcos\code\mcx_custom\mcx\vsproj\mcx\mcx\x64\mex_savelaunch\mcx.tlog\cl.write.1.tlog
d:\amarcos\code\mcx_custom\mcx\vsproj\mcx\mcx\x64\mex_savelaunch\mcx.tlog\link.command.1.tlog
d:\amarcos\code\mcx_custom\mcx\vsproj\mcx\mcx\x64\mex_savelaunch\mcx.tlog\link.read.1.tlog
d:\amarcos\code\mcx_custom\mcx\vsproj\mcx\mcx\x64\mex_savelaunch\mcx.tlog\link.write.1.tlog
d:\amarcos\code\mcx_custom\mcx\vsproj\mcx\mcx\x64\mex_savelaunch\mcx.tlog\mcx.write.1u.tlog
