  
  D:\amarcos\code\mcx_custom\mcx\vsproj\mcx\mcx>"C:\Program Files\NVIDIA GPU Computing Toolkit\CUDA\v10.0\bin\nvcc.exe" -ccbin "C:\Program Files (x86)\Microsoft Visual Studio\2017\Community\VC\Tools\MSVC\14.16.27023\bin\HostX86\x64" -x cu  -I"C:\Program Files\NVIDIA GPU Computing Toolkit\CUDA\v10.0\include" -I"C:\Program Files\NVIDIA GPU Computing Toolkit\CUDA\v10.0\include"  -G -lineinfo  --keep-dir x64\Debug_SaveLaunch -maxrregcount=0  --machine 64 --compile     -use_fast_math -DUSE_XORSHIFT128P_RAND -DUSE_ATOMIC -DSAVE_DETECTORS -DSAVE_PHOTONLAUNCH -DUSE_CACHEBOX -DWIN32 -DWIN64 -D_DEBUG -D_CONSOLE -DSAVE_DETECTORS -DSAVE_PHOTONLAUNCH -D_MBCS -Xcompiler "/EHsc /W0 /nologo /Od  /FS /Zi /RTC1 /MDd " -o x64\Debug_SaveLaunch\mcx_core.cu.obj "D:\amarcos\code\mcx_custom\mcx\src\mcx_core.cu" -clean 
CUDACOMPILE : nvcc warning : '--device-debug (-G)' overrides '--generate-line-info (-lineinfo)'
  mcx_core.cu
  Compiling CUDA source file ..\..\..\src\mcx_core.cu...
  
  D:\amarcos\code\mcx_custom\mcx\vsproj\mcx\mcx>"C:\Program Files\NVIDIA GPU Computing Toolkit\CUDA\v10.0\bin\nvcc.exe" -gencode=arch=compute_30,code=\"sm_30,compute_30\" -gencode=arch=compute_70,code=\"sm_70,compute_70\" -gencode=arch=compute_35,code=\"sm_35,compute_35\" --use-local-env -Xcompiler /openmp -ccbin "C:\Program Files (x86)\Microsoft Visual Studio\2017\Community\VC\Tools\MSVC\14.16.27023\bin\HostX86\x64" -x cu  -I"C:\Program Files\NVIDIA GPU Computing Toolkit\CUDA\v10.0\include" -I"C:\Program Files\NVIDIA GPU Computing Toolkit\CUDA\v10.0\include"  -G -lineinfo  --keep-dir x64\Debug_SaveLaunch -maxrregcount=0  --machine 64 --compile -cudart static    -use_fast_math -DUSE_XORSHIFT128P_RAND -DUSE_ATOMIC -DSAVE_DETECTORS -DSAVE_PHOTONLAUNCH -DUSE_CACHEBOX -DWIN32 -DWIN64 -D_DEBUG -D_CONSOLE -DSAVE_DETECTORS -DSAVE_PHOTONLAUNCH -D_MBCS -Xcompiler "/EHsc /W0 /nologo /Od /Fdx64\Debug_SaveLaunch\vc141.pdb /FS /Zi /RTC1 /MDd " -o x64\Debug_SaveLaunch\mcx_core.cu.obj "D:\amarcos\code\mcx_custom\mcx\src\mcx_core.cu" 
CUDACOMPILE : ptxas warning : Conflicting options --device-debug and --generate-line-info specified, ignoring --generate-line-info option
CUDACOMPILE : ptxas warning : Conflicting options --device-debug and --generate-line-info specified, ignoring --generate-line-info option
CUDACOMPILE : ptxas warning : Conflicting options --device-debug and --generate-line-info specified, ignoring --generate-line-info option
CUDACOMPILE : nvcc warning : '--device-debug (-G)' overrides '--generate-line-info (-lineinfo)'
  mcx_core.cu
  cJSON.c
  mcextreme.c
  mcx_shapes.c
  mcx_utils.c
  tictoc.c
  Generating Code...
  mcx.vcxproj -> D:\amarcos\code\mcx_custom\mcx\vsproj\mcx\x64\Debug_SaveLaunch\mcx.exe
  copy "C:\Program Files\NVIDIA GPU Computing Toolkit\CUDA\v10.0\bin\cudart*.dll" "D:\amarcos\code\mcx_custom\mcx\vsproj\mcx\x64\Debug_SaveLaunch\"
  C:\Program Files\NVIDIA GPU Computing Toolkit\CUDA\v10.0\bin\cudart32_100.dll
  C:\Program Files\NVIDIA GPU Computing Toolkit\CUDA\v10.0\bin\cudart64_100.dll
          2 archivo(s) copiado(s).
