d:\amarcos\code\mcx_custom\mcx\vsproj\mcx\mcx\x64\mex\vc141.pdb
d:\amarcos\code\mcx_custom\mcx\vsproj\mcx\mcx\x64\mex\vc141.idb
d:\amarcos\code\mcx_custom\mcx\vsproj\mcx\mcx\x64\mex\tictoc.obj
d:\amarcos\code\mcx_custom\mcx\vsproj\mcx\mcx\x64\mex\mcx_utils.obj
d:\amarcos\code\mcx_custom\mcx\vsproj\mcx\mcx\x64\mex\mcx_shapes.obj
d:\amarcos\code\mcx_custom\mcx\vsproj\mcx\mcx\x64\mex\cjson.obj
d:\amarcos\code\mcx_custom\mcx\vsproj\mcx\mcx\x64\mex\mcxlab.obj
d:\amarcos\code\mcx_custom\mcx\vsproj\mcx\x64\mex\mcx.ilk
d:\amarcos\code\mcx_custom\mcx\vsproj\mcx\x64\mex\mcx.mexw64
d:\amarcos\code\mcx_custom\mcx\vsproj\mcx\x64\mex\mcx.pdb
d:\amarcos\code\mcx_custom\mcx\vsproj\mcx\x64\mex\mcx.lib
d:\amarcos\code\mcx_custom\mcx\vsproj\mcx\x64\mex\mcx.exp
d:\amarcos\code\mcx_custom\mcx\vsproj\mcx\mcx\x64\mex\mcx_core.cu.cache
d:\amarcos\code\mcx_custom\mcx\vsproj\mcx\mcx\x64\mex\mcx_core.cu.obj
d:\amarcos\code\mcx_custom\mcx\vsproj\mcx\mcx\x64\mex\mcx.tlog\cl.command.1.tlog
d:\amarcos\code\mcx_custom\mcx\vsproj\mcx\mcx\x64\mex\mcx.tlog\cl.read.1.tlog
d:\amarcos\code\mcx_custom\mcx\vsproj\mcx\mcx\x64\mex\mcx.tlog\cl.write.1.tlog
d:\amarcos\code\mcx_custom\mcx\vsproj\mcx\mcx\x64\mex\mcx.tlog\link.command.1.tlog
d:\amarcos\code\mcx_custom\mcx\vsproj\mcx\mcx\x64\mex\mcx.tlog\link.read.1.tlog
d:\amarcos\code\mcx_custom\mcx\vsproj\mcx\mcx\x64\mex\mcx.tlog\link.write.1.tlog
d:\amarcos\code\mcx_custom\mcx\vsproj\mcx\mcx\x64\mex\mcx.tlog\mcx.write.1u.tlog
