c:\users\asier marcos\documents\github\mcx\vsproj\mcx\mcx\x64\debug\vc141.pdb
c:\users\asier marcos\documents\github\mcx\vsproj\mcx\mcx\x64\debug\vc141.idb
c:\users\asier marcos\documents\github\mcx\vsproj\mcx\mcx\x64\debug\tictoc.obj
c:\users\asier marcos\documents\github\mcx\vsproj\mcx\mcx\x64\debug\mcx_utils.obj
c:\users\asier marcos\documents\github\mcx\vsproj\mcx\mcx\x64\debug\mcx_shapes.obj
c:\users\asier marcos\documents\github\mcx\vsproj\mcx\mcx\x64\debug\mcextreme.obj
c:\users\asier marcos\documents\github\mcx\vsproj\mcx\mcx\x64\debug\cjson.obj
x64\debug\mcx_core.cu.obj
c:\users\asier marcos\documents\github\mcx\vsproj\mcx\x64\debug\mcx.exe
c:\users\asier marcos\documents\github\mcx\vsproj\mcx\x64\debug\mcx.ilk
c:\users\asier marcos\documents\github\mcx\vsproj\mcx\x64\debug\mcx.pdb
c:\users\asier marcos\documents\github\mcx\vsproj\mcx\mcx\x64\debug\mcx_core.cu.cache
c:\users\asier marcos\documents\github\mcx\vsproj\mcx\mcx\x64\debug\mcx_core.cu.obj
c:\users\asier marcos\documents\github\mcx\vsproj\mcx\mcx\x64\debug\mcx.tlog\cl.command.1.tlog
c:\users\asier marcos\documents\github\mcx\vsproj\mcx\mcx\x64\debug\mcx.tlog\cl.read.1.tlog
c:\users\asier marcos\documents\github\mcx\vsproj\mcx\mcx\x64\debug\mcx.tlog\cl.write.1.tlog
c:\users\asier marcos\documents\github\mcx\vsproj\mcx\mcx\x64\debug\mcx.tlog\cudacompile.read.1u.tlog
c:\users\asier marcos\documents\github\mcx\vsproj\mcx\mcx\x64\debug\mcx.tlog\cudacompile.write.1u.tlog
c:\users\asier marcos\documents\github\mcx\vsproj\mcx\mcx\x64\debug\mcx.tlog\link.command.1.tlog
c:\users\asier marcos\documents\github\mcx\vsproj\mcx\mcx\x64\debug\mcx.tlog\link.read.1.tlog
c:\users\asier marcos\documents\github\mcx\vsproj\mcx\mcx\x64\debug\mcx.tlog\link.write.1.tlog
